

================================================================
== Vitis HLS Report for 'seven_segment_axi'
================================================================
* Date:           Mon Jun 29 12:54:58 2026

* Version:        2022.2 (Build 3670227 on Oct 13 2022)
* Project:        lab2_task1_hls
* Solution:       solution1 (Vivado IP Flow Target)
* Product family: zynq
* Target device:  xc7z007s-clg400-1


================================================================
== Performance Estimates
================================================================
+ Timing: 
    * Summary: 
    +--------+----------+----------+------------+
    |  Clock |  Target  | Estimated| Uncertainty|
    +--------+----------+----------+------------+
    |ap_clk  |  10.00 ns|  3.064 ns|     2.70 ns|
    +--------+----------+----------+------------+

+ Latency: 
    * Summary: 
    +---------+---------+----------+----------+-----+-----+---------+
    |  Latency (cycles) |  Latency (absolute) |  Interval | Pipeline|
    |   min   |   max   |    min   |    max   | min | max |   Type  |
    +---------+---------+----------+----------+-----+-----+---------+
    |        0|        0|      0 ns|      0 ns|    1|    1|       no|
    +---------+---------+----------+----------+-----+-----+---------+

    + Detail: 
        * Instance: 
        N/A

        * Loop: 
        N/A



================================================================
== Utilization Estimates
================================================================
* Summary: 
+-----------------+---------+----+-------+-------+-----+
|       Name      | BRAM_18K| DSP|   FF  |  LUT  | URAM|
+-----------------+---------+----+-------+-------+-----+
|DSP              |        -|   -|      -|      -|    -|
|Expression       |        -|   -|      -|      -|    -|
|FIFO             |        -|   -|      -|      -|    -|
|Instance         |        0|   -|     46|    113|    -|
|Memory           |        -|   -|      -|      -|    -|
|Multiplexer      |        -|   -|      -|      -|    -|
|Register         |        -|   -|      -|      -|    -|
+-----------------+---------+----+-------+-------+-----+
|Total            |        0|   0|     46|    113|    0|
+-----------------+---------+----+-------+-------+-----+
|Available        |      100|  66|  28800|  14400|    0|
+-----------------+---------+----+-------+-------+-----+
|Utilization (%)  |        0|   0|     ~0|     ~0|    0|
+-----------------+---------+----+-------+-------+-----+

+ Detail: 
    * Instance: 
    +------------------+---------------+---------+----+----+----+-----+
    |     Instance     |     Module    | BRAM_18K| DSP| FF | LUT| URAM|
    +------------------+---------------+---------+----+----+----+-----+
    |CTRL_s_axi_U      |CTRL_s_axi     |        0|   0|  46|  48|    0|
    |mux_164_7_1_1_U1  |mux_164_7_1_1  |        0|   0|   0|  65|    0|
    +------------------+---------------+---------+----+----+----+-----+
    |Total             |               |        0|   0|  46| 113|    0|
    +------------------+---------------+---------+----+----+----+-----+

    * DSP: 
    N/A

    * Memory: 
    N/A

    * FIFO: 
    N/A

    * Expression: 
    N/A

    * Multiplexer: 
    N/A

    * Register: 
    N/A



================================================================
== Interface
================================================================
* Summary: 
+--------------------+-----+-----+------------+-------------------+--------------+
|      RTL Ports     | Dir | Bits|  Protocol  |   Source Object   |    C Type    |
+--------------------+-----+-----+------------+-------------------+--------------+
|s_axi_CTRL_AWVALID  |   in|    1|       s_axi|               CTRL|        scalar|
|s_axi_CTRL_AWREADY  |  out|    1|       s_axi|               CTRL|        scalar|
|s_axi_CTRL_AWADDR   |   in|    5|       s_axi|               CTRL|        scalar|
|s_axi_CTRL_WVALID   |   in|    1|       s_axi|               CTRL|        scalar|
|s_axi_CTRL_WREADY   |  out|    1|       s_axi|               CTRL|        scalar|
|s_axi_CTRL_WDATA    |   in|   32|       s_axi|               CTRL|        scalar|
|s_axi_CTRL_WSTRB    |   in|    4|       s_axi|               CTRL|        scalar|
|s_axi_CTRL_ARVALID  |   in|    1|       s_axi|               CTRL|        scalar|
|s_axi_CTRL_ARREADY  |  out|    1|       s_axi|               CTRL|        scalar|
|s_axi_CTRL_ARADDR   |   in|    5|       s_axi|               CTRL|        scalar|
|s_axi_CTRL_RVALID   |  out|    1|       s_axi|               CTRL|        scalar|
|s_axi_CTRL_RREADY   |   in|    1|       s_axi|               CTRL|        scalar|
|s_axi_CTRL_RDATA    |  out|   32|       s_axi|               CTRL|        scalar|
|s_axi_CTRL_RRESP    |  out|    2|       s_axi|               CTRL|        scalar|
|s_axi_CTRL_BVALID   |  out|    1|       s_axi|               CTRL|        scalar|
|s_axi_CTRL_BREADY   |   in|    1|       s_axi|               CTRL|        scalar|
|s_axi_CTRL_BRESP    |  out|    2|       s_axi|               CTRL|        scalar|
|seg                 |  out|    8|     ap_none|                seg|       pointer|
|an                  |  out|    4|     ap_none|                 an|       pointer|
|ap_clk              |   in|    1|  ap_ctrl_hs|  seven_segment_axi|  return value|
|ap_rst_n            |   in|    1|  ap_ctrl_hs|  seven_segment_axi|  return value|
|interrupt           |  out|    1|  ap_ctrl_hs|  seven_segment_axi|  return value|
+--------------------+-----+-----+------------+-------------------+--------------+

